C:\Users\horac\OneDrive\ARCOIRIS-NAS\ARCHIVOS ARCOIRIS\DESARROLLOS Y PROYECTOS\Desarrollo de Aplicaciones\Adminapp\v-ledge\node_modules\@prisma\client\src\runtime\getPrismaClient.ts:259
        throw new PrismaClientInitializationError(
              ^

PrismaClientInitializationError: `PrismaClient` needs to be constructed with a non-empty, valid `PrismaClientOptions`:

```
new PrismaClient({
  ...
})
```

or

```
constructor() {
  super({ ... });
}
```
          
    at new t (C:\Users\horac\OneDrive\ARCOIRIS-NAS\ARCHIVOS ARCOIRIS\DESARROLLOS Y PROYECTOS\Desarrollo de Aplicaciones\Adminapp\v-ledge\node_modules\@prisma\client\src\runtime\getPrismaClient.ts:259:15)
    at <anonymous> (C:\Users\horac\OneDrive\ARCOIRIS-NAS\ARCHIVOS ARCOIRIS\DESARROLLOS Y PROYECTOS\Desarrollo de Aplicaciones\Adminapp\v-ledge\prisma\seed.ts:3:16)
    at Object.<anonymous> (C:\Users\horac\OneDrive\ARCOIRIS-NAS\ARCHIVOS ARCOIRIS\DESARROLLOS Y PROYECTOS\Desarrollo de Aplicaciones\Adminapp\v-ledge\prisma\seed.ts:93:6)
    at Module._compile (node:internal/modules/cjs/loader:1760:14)
    at Object.transformer (C:\Users\horac\OneDrive\ARCOIRIS-NAS\ARCHIVOS ARCOIRIS\DESARROLLOS Y PROYECTOS\Desarrollo de Aplicaciones\Adminapp\v-ledge\node_modules\tsx\dist\register-D46fvsV_.cjs:3:1104)
    at Module.load (node:internal/modules/cjs/loader:1480:32)
    at Module._load (node:internal/modules/cjs/loader:1299:12)
    at TracingChannel.traceSync (node:diagnostics_channel:328:14)
    at wrapModuleLoad (node:internal/modules/cjs/loader:245:24)
    at loadCJSModuleWithModuleLoad (node:internal/modules/esm/translators:339:3) {
  clientVersion: '7.3.0',
  errorCode: undefined,
  retryable: undefined
}

Node.js v25.2.1
